Build started 1/31/2013 5:39:33 PM.
     1>Project "C:\Users\Livergel\Documents\sandbox\M3DEng\M3DEng\M3DEng.vcxproj" on node 2 (build target(s)).
     1>InitializeBuildStatus:
         Creating "Debug\M3DEng.unsuccessfulbuild" because "AlwaysCreate" was specified.
       ClCompile:
         c:\Program Files (x86)\Microsoft Visual Studio 10.0\VC\bin\CL.exe /c /ZI /nologo /W3 /WX- /Od /Oy- /D _MBCS /Gm /EHsc /RTC1 /MDd /GS /fp:precise /Zc:wchar_t /Zc:forScope /Fo"Debug\\" /Fd"Debug\vc100.pdb" /Gd /TP /analyze- /errorReport:prompt main.cpp
         main.cpp
       Link:
         c:\Program Files (x86)\Microsoft Visual Studio 10.0\VC\bin\link.exe /ERRORREPORT:PROMPT /OUT:"C:\Users\Livergel\Documents\sandbox\M3DEng\Debug\M3DEng.exe" /NOLOGO glfw.lib opengl32.lib glew32.lib kernel32.lib user32.lib gdi32.lib winspool.lib comdlg32.lib advapi32.lib shell32.lib ole32.lib oleaut32.lib uuid.lib odbc32.lib odbccp32.lib /MANIFEST /ManifestFile:"Debug\M3DEng.exe.intermediate.manifest" /MANIFESTUAC:"level='asInvoker' uiAccess='false'" /DEBUG /PDB:"C:\Users\Livergel\Documents\sandbox\M3DEng\Debug\M3DEng.pdb" /TLBID:1 /DYNAMICBASE /NXCOMPAT /IMPLIB:"C:\Users\Livergel\Documents\sandbox\M3DEng\Debug\M3DEng.lib" /MACHINE:X86 Debug\M3DApp.obj
         Debug\main.obj
         LINK : C:\Users\Livergel\Documents\sandbox\M3DEng\Debug\M3DEng.exe not found or not built by the last incremental link; performing full link
     1>LINK : warning LNK4098: defaultlib 'MSVCRT' conflicts with use of other libs; use /NODEFAULTLIB:library
         M3DEng.vcxproj -> C:\Users\Livergel\Documents\sandbox\M3DEng\Debug\M3DEng.exe
       Manifest:
         C:\Program Files (x86)\Microsoft SDKs\Windows\v7.0A\bin\mt.exe /nologo /verbose /outputresource:"C:\Users\Livergel\Documents\sandbox\M3DEng\Debug\M3DEng.exe;#1" /manifest Debug\M3DEng.exe.intermediate.manifest
       PostBuildEvent:
         xcopy "C:\Users\Livergel\Documents\sandbox\M3DEng\3rdparty\glew-1.9.0\bin\glew32.dll" "C:\Users\Livergel\Documents\sandbox\M3DEng\Debug\"  /Y
         :VCEnd
         C:\Users\Livergel\Documents\sandbox\M3DEng\3rdparty\glew-1.9.0\bin\glew32.dll
         1 File(s) copied
       FinalizeBuildStatus:
         Deleting file "Debug\M3DEng.unsuccessfulbuild".
         Touching "Debug\M3DEng.lastbuildstate".
     1>Done Building Project "C:\Users\Livergel\Documents\sandbox\M3DEng\M3DEng\M3DEng.vcxproj" (build target(s)).

Build succeeded.

Time Elapsed 00:00:01.14
